<?xml version="1.0" encoding="UTF-8"?>
<!-- Generated by org.testng.reporters.JUnitReportReporter -->
<testsuite skipped="0" hostname="VINAY" name="script.TestDemo3" tests="1" failures="0" timestamp="28 Sep 2018 10:19:54 GMT" time="30.620" errors="0">
  <testcase name="testC" time="30.620" classname="script.TestDemo3"/>
</testsuite> <!-- script.TestDemo3 -->
